
-----------------------------------------------------------------------------
Status                        Initial             Final
-----------------------------------------------------------------------------
Time[s]                       0                   0.01
T[K]                          1290.000            2096.882
P[atm]                        60.20232            97.89606
V[m3]                         1.00000             1.00000
rho[kg/m3]                    17.92100            17.92100
MW[kg/kmol]                   31.51058            31.49841
Phi[-]                        0.06303             0.06303
H[J/kg]                       1.001716e+06        1.214835e+06
U[J/kg]                       6.613330e+05        6.613322e+05
Conv.(%) O2                   0.000e+00           6.344e+00
Conv.(%) CH4                  0.000e+00           1.000e+02
Total species (kmol)          5.687298e-01        5.689495e-01
Element(kmol) C               1.737464e-02        1.737464e-02
Element(kmol) H               6.949855e-02        6.949855e-02
Element(kmol) O               1.102710e+00        1.102710e+00
-----------------------------------------------------------------------------

-----------------------------------------------------------------------------
Mass fractions                Initial             Final
-----------------------------------------------------------------------------
H                             0.000000e+00        1.905898e-08
H2                            0.000000e+00        2.379656e-07
O                             0.000000e+00        6.653278e-05
O2                            9.844461e-01        9.219900e-01
OH                            0.000000e+00        6.957174e-04
OH*                           0.000000e+00        1.547573e-13
H2O                           0.000000e+00        3.455115e-02
N2                            0.000000e+00        0.000000e+00
HO2                           0.000000e+00        3.218145e-05
H2O2                          0.000000e+00        1.569179e-06
AR                            0.000000e+00        0.000000e+00
CO                            0.000000e+00        8.237951e-06
CO2                           0.000000e+00        4.265434e-02
CH2O                          0.000000e+00        1.325793e-15
HCO                           0.000000e+00        1.504914e-13
HO2CHO                        0.000000e+00        1.301073e-14
HCOH                          0.000000e+00        4.154216e-19
O2CHO                         0.000000e+00        2.673463e-13
HOCHO                         0.000000e+00        6.471688e-13
OCHO                          0.000000e+00        5.349163e-12
HOCH2O2H                      0.000000e+00        9.181925e-25
HOCH2O2                       0.000000e+00        1.480315e-22
OCH2O2H                       0.000000e+00        4.532583e-24
HOCH2O                        0.000000e+00        2.341943e-21
CH3OH                         0.000000e+00        1.562304e-21
CH2OH                         0.000000e+00        1.094063e-21
CH3O                          0.000000e+00        4.180206e-23
CH3O2H                        0.000000e+00        1.337667e-26
CH3O2                         0.000000e+00        4.858832e-23
CH4                           1.555389e-02        5.176615e-22
CH3                           0.000000e+00        8.832997e-22
CH2                           0.000000e+00        1.563364e-24
CH2(S)                        0.000000e+00        2.950990e-26
C                             0.000000e+00        3.935456e-24
CH                            0.000000e+00        1.116935e-25
CH*                           0.000000e+00        8.548043e-28
C2H6                          0.000000e+00        1.361037e-29
C2H5                          0.000000e+00        1.309906e-32
C2H4                          0.000000e+00        4.465065e-25
C2H3                          0.000000e+00        1.538847e-27
C2H2                          0.000000e+00        7.128915e-19
C2H                           0.000000e+00        4.067068e-24
CH3CHO                        0.000000e+00        2.181171e-26
C2H3OH                        0.000000e+00        7.041424e-26
C2H2OH                        0.000000e+00        1.513767e-23
CH3CO                         0.000000e+00        6.171729e-27
CH2CHO                        0.000000e+00        2.214313e-27
O2CH2CHO                      0.000000e+00        9.828932e-31
HO2CH2CO                      0.000000e+00        0.000000e+00
CH2CO                         0.000000e+00        2.339992e-19
HCCO                          0.000000e+00        5.237582e-23
HCCOH                         0.000000e+00        2.762510e-16
CH3CO3H                       0.000000e+00        3.367777e-33
CH3CO3                        0.000000e+00        2.808592e-27
CH3CO2                        0.000000e+00        1.108258e-28
C2H5OH                        0.000000e+00        7.411458e-30
C2H5O                         0.000000e+00        3.356755e-37
PC2H4OH                       0.000000e+00        1.268399e-32
SC2H4OH                       0.000000e+00        8.744012e-31
O2C2H4OH                      0.000000e+00        3.836654e-30
C2H5O2H                       0.000000e+00        0.000000e+00
C2H5O2                        0.000000e+00        0.000000e+00
C2H4O2H                       0.000000e+00        0.000000e+00
C2H4O1-2                      0.000000e+00        0.000000e+00
C2H3O1-2                      0.000000e+00        6.801689e-26
CH3COCH3                      0.000000e+00        2.226797e-35
CH3COCH2                      0.000000e+00        8.462148e-34
CH3COCH2O2                    0.000000e+00        4.891399e-35
C3KET21                       0.000000e+00        3.340528e-42
C2H3CHO                       0.000000e+00        3.759629e-23
C2H3CO                        0.000000e+00        3.906810e-30
C2H5CHO                       0.000000e+00        1.310249e-41
C2H5CO                        0.000000e+00        4.153856e-39
CH3OCH3                       0.000000e+00        1.035978e-34
CH3OCH2                       0.000000e+00        0.000000e+00
CH3OCH2O2                     0.000000e+00        0.000000e+00
CH2OCH2O2H                    0.000000e+00        1.508008e-37
CH3OCH2O2H                    0.000000e+00        0.000000e+00
CH3OCH2O                      0.000000e+00        2.878308e-36
O2CH2OCH2O2H                  0.000000e+00        7.929841e-39
HO2CH2OCHO                    0.000000e+00        2.947637e-33
OCH2OCHO                      0.000000e+00        2.803659e-30
HOCH2OCO                      0.000000e+00        5.064365e-29
CH3OCHO                       0.000000e+00        0.000000e+00
CH3OCO                        0.000000e+00        1.216393e-29
CH2OCHO                       0.000000e+00        1.119408e-31
HE                            0.000000e+00        0.000000e+00
C3H8                          0.000000e+00        0.000000e+00
IC3H7                         0.000000e+00        1.562834e-36
NC3H7                         0.000000e+00        3.428780e-35
C3H6                          0.000000e+00        5.106769e-33
C3H5-A                        0.000000e+00        8.178557e-34
C3H5-S                        0.000000e+00        8.514871e-34
C3H5-T                        0.000000e+00        1.397575e-36
C3H4-P                        0.000000e+00        3.659451e-30
C3H4-A                        0.000000e+00        5.661554e-31
C3H3                          0.000000e+00        3.973127e-30
C3H5O                         0.000000e+00        7.664252e-35
C3H6OOH1-2                    0.000000e+00        1.395497e-38
C3H6OOH1-3                    0.000000e+00        5.627760e-40
C3H6OOH2-1                    0.000000e+00        1.708672e-38
C3H6OOH1-2O2                  0.000000e+00        1.440216e-40
C3H6OOH1-3O2                  0.000000e+00        6.265857e-42
C3H6OOH2-1O2                  0.000000e+00        1.896325e-40
C3H6OOH2-2                    0.000000e+00        1.196270e-39
NC3H7O2H                      0.000000e+00        0.000000e+00
IC3H7O2H                      0.000000e+00        0.000000e+00
NC3H7O2                       0.000000e+00        2.030017e-38
IC3H7O2                       0.000000e+00        4.329197e-38
NC3H7O                        0.000000e+00        0.000000e+00
IC3H7O                        0.000000e+00        2.012338e-38
C3H6O1-2                      0.000000e+00        2.897543e-39
C3H6O1-3                      0.000000e+00        6.476027e-40
C3KET12                       0.000000e+00        3.333003e-43
C3KET13                       0.000000e+00        4.491850e-45
C3H51-2A3OOH                  0.000000e+00        1.521396e-39
C3H52-1A3OOH                  0.000000e+00        5.397099e-40
C3H6OH                        0.000000e+00        2.377732e-38
HOC3H6O2                      0.000000e+00        7.725279e-40
CH3CHCO                       0.000000e+00        1.575252e-26
AC3H5OOH                      0.000000e+00        5.029935e-38
C2H3OOH                       0.000000e+00        2.280727e-33
CC3H4                         0.000000e+00        5.754135e-33
H2CC                          0.000000e+00        1.037893e-23
--------------------------------------------------------------

-----------------------------------------------------------------------------
Mole fractions                Initial             Final
-----------------------------------------------------------------------------
H                             0.000000e+00        5.955630e-07
H2                            0.000000e+00        3.718024e-06
O                             0.000000e+00        1.309880e-04
O2                            9.694501e-01        9.075948e-01
OH                            0.000000e+00        1.288528e-03
OH*                           0.000000e+00        2.866237e-13
H2O                           0.000000e+00        6.041112e-02
N2                            0.000000e+00        0.000000e+00
HO2                           0.000000e+00        3.071152e-05
H2O2                          0.000000e+00        1.453126e-06
AR                            0.000000e+00        0.000000e+00
CO                            0.000000e+00        9.263918e-06
CO2                           0.000000e+00        3.052884e-02
CH2O                          0.000000e+00        1.390807e-15
HCO                           0.000000e+00        1.633552e-13
HO2CHO                        0.000000e+00        6.607400e-15
HCOH                          0.000000e+00        4.357929e-19
O2CHO                         0.000000e+00        1.380127e-13
HOCHO                         0.000000e+00        4.429068e-13
OCHO                          0.000000e+00        3.742811e-12
HOCH2O2H                      0.000000e+00        4.516178e-25
HOCH2O2                       0.000000e+00        7.397441e-23
OCH2O2H                       0.000000e+00        2.265027e-24
HOCH2O                        0.000000e+00        1.568420e-21
CH3OH                         0.000000e+00        1.535799e-21
CH2OH                         0.000000e+00        1.110435e-21
CH3O                          0.000000e+00        4.242761e-23
CH3O2H                        0.000000e+00        8.770505e-27
CH3O2                         0.000000e+00        3.254002e-23
CH4                           3.054990e-02        1.016363e-21
CH3                           0.000000e+00        1.850518e-21
CH2                           0.000000e+00        3.510621e-24
CH2(S)                        0.000000e+00        6.626613e-26
C                             0.000000e+00        1.032059e-23
CH                            0.000000e+00        2.702333e-25
CH*                           0.000000e+00        2.068129e-27
C2H6                          0.000000e+00        1.425690e-29
C2H5                          0.000000e+00        1.419722e-32
C2H4                          0.000000e+00        5.013276e-25
C2H3                          0.000000e+00        1.792177e-27
C2H2                          0.000000e+00        8.623914e-19
C2H                           0.000000e+00        5.118105e-24
CH3CHO                        0.000000e+00        1.559563e-26
C2H3OH                        0.000000e+00        5.034700e-26
C2H2OH                        0.000000e+00        1.107707e-23
CH3CO                         0.000000e+00        4.516196e-27
CH2CHO                        0.000000e+00        1.620335e-27
O2CH2CHO                      0.000000e+00        4.125577e-31
HO2CH2CO                      0.000000e+00        0.000000e+00
CH2CO                         0.000000e+00        1.753361e-19
HCCO                          0.000000e+00        4.020949e-23
HCCOH                         0.000000e+00        2.069954e-16
CH3CO3H                       0.000000e+00        1.394848e-33
CH3CO3                        0.000000e+00        1.178873e-27
CH3CO2                        0.000000e+00        5.912262e-29
C2H5OH                        0.000000e+00        5.067380e-30
C2H5O                         0.000000e+00        2.346429e-37
PC2H4OH                       0.000000e+00        8.866329e-33
SC2H4OH                       0.000000e+00        6.112214e-31
O2C2H4OH                      0.000000e+00        1.568259e-30
C2H5O2H                       0.000000e+00        0.000000e+00
C2H5O2                        0.000000e+00        0.000000e+00
C2H4O2H                       0.000000e+00        0.000000e+00
C2H4O1-2                      0.000000e+00        0.000000e+00
C2H3O1-2                      0.000000e+00        4.977172e-26
CH3COCH3                      0.000000e+00        1.207654e-35
CH3COCH2                      0.000000e+00        4.670315e-34
CH3COCH2O2                    0.000000e+00        1.729778e-35
C3KET21                       0.000000e+00        1.168113e-42
C2H3CHO                       0.000000e+00        2.112270e-23
C2H3CO                        0.000000e+00        2.235148e-30
C2H5CHO                       0.000000e+00        7.105845e-42
C2H5CO                        0.000000e+00        2.292540e-39
CH3OCH3                       0.000000e+00        7.083211e-35
CH3OCH2                       0.000000e+00        0.000000e+00
CH3OCH2O2                     0.000000e+00        0.000000e+00
CH2OCH2O2H                    0.000000e+00        6.164090e-38
CH3OCH2O2H                    0.000000e+00        0.000000e+00
CH3OCH2O                      0.000000e+00        1.484804e-36
O2CH2OCH2O2H                  0.000000e+00        2.290338e-39
HO2CH2OCHO                    0.000000e+00        1.008646e-33
OCH2OCHO                      0.000000e+00        1.176803e-30
HOCH2OCO                      0.000000e+00        2.125707e-29
CH3OCHO                       0.000000e+00        0.000000e+00
CH3OCO                        0.000000e+00        6.489133e-30
CH2OCHO                       0.000000e+00        5.971747e-32
HE                            0.000000e+00        0.000000e+00
C3H8                          0.000000e+00        0.000000e+00
IC3H7                         0.000000e+00        1.142444e-36
NC3H7                         0.000000e+00        2.506466e-35
C3H6                          0.000000e+00        3.822511e-33
C3H5-A                        0.000000e+00        6.272041e-34
C3H5-S                        0.000000e+00        6.529956e-34
C3H5-T                        0.000000e+00        1.071784e-36
C3H4-P                        0.000000e+00        2.876997e-30
C3H4-A                        0.000000e+00        4.451016e-31
C3H3                          0.000000e+00        3.204219e-30
C3H5O                         0.000000e+00        4.229951e-35
C3H6OOH1-2                    0.000000e+00        5.854001e-39
C3H6OOH1-3                    0.000000e+00        2.360801e-40
C3H6OOH2-1                    0.000000e+00        7.167745e-39
C3H6OOH1-2O2                  0.000000e+00        4.236308e-41
C3H6OOH1-3O2                  0.000000e+00        1.843064e-42
C3H6OOH2-1O2                  0.000000e+00        5.577927e-41
C3H6OOH2-2                    0.000000e+00        5.018257e-40
NC3H7O2H                      0.000000e+00        0.000000e+00
IC3H7O2H                      0.000000e+00        0.000000e+00
NC3H7O2                       0.000000e+00        8.515763e-39
IC3H7O2                       0.000000e+00        1.816064e-38
NC3H7O                        0.000000e+00        0.000000e+00
IC3H7O                        0.000000e+00        1.072730e-38
C3H6O1-2                      0.000000e+00        1.571419e-39
C3H6O1-3                      0.000000e+00        3.512130e-40
C3KET12                       0.000000e+00        1.165482e-43
C3KET13                       0.000000e+00        1.570707e-45
C3H51-2A3OOH                  0.000000e+00        4.475094e-40
C3H52-1A3OOH                  0.000000e+00        1.587524e-40
C3H6OH                        0.000000e+00        1.267512e-38
HOC3H6O2                      0.000000e+00        2.671475e-40
CH3CHCO                       0.000000e+00        8.850229e-27
AC3H5OOH                      0.000000e+00        2.138730e-38
C2H3OOH                       0.000000e+00        1.196284e-33
CC3H4                         0.000000e+00        4.523802e-33
H2CC                          0.000000e+00        1.255549e-23
-----------------------------------------------------------------------------
