t[s](1)             x[m](2)             y[m](3)             z[m](4)             T[K](5)             P[Pa](6)            QR[W/m3](7)         r129(8)             
0.000000e+00        0.000000e+00        0.000000e+00        0.000000e+00        1.290000e+03        6.100000e+06        -1.826203e+08       0.000000e+00        
4.619673e-09        0.000000e+00        0.000000e+00        0.000000e+00        1.290000e+03        6.100000e+06        -1.205689e+08       2.865722e-04        
5.395726e-08        0.000000e+00        0.000000e+00        0.000000e+00        1.290000e+03        6.099998e+06        -1.145417e+08       1.110698e-02        
4.887739e-07        0.000000e+00        0.000000e+00        0.000000e+00        1.289997e+03        6.099983e+06        -7.447066e+07       1.699837e-01        
1.663073e-06        0.000000e+00        0.000000e+00        0.000000e+00        1.289996e+03        6.099971e+06        4.896147e+07        6.400693e-01        
4.544718e-06        0.000000e+00        0.000000e+00        0.000000e+00        1.290035e+03        6.100138e+06        4.274844e+08        2.064515e+00        
7.666133e-06        0.000000e+00        0.000000e+00        0.000000e+00        1.290162e+03        6.100718e+06        9.457940e+08        3.928215e+00        
1.114720e-05        0.000000e+00        0.000000e+00        0.000000e+00        1.290428e+03        6.101951e+06        1.602208e+09        6.180213e+00        
1.524433e-05        0.000000e+00        0.000000e+00        0.000000e+00        1.290923e+03        6.104263e+06        2.408177e+09        8.867070e+00        
2.064113e-05        0.000000e+00        0.000000e+00        0.000000e+00        1.291884e+03        6.108770e+06        3.490948e+09        1.241842e+01        
2.749148e-05        0.000000e+00        0.000000e+00        0.000000e+00        1.293628e+03        6.116987e+06        4.946490e+09        1.704322e+01        
3.531176e-05        0.000000e+00        0.000000e+00        0.000000e+00        1.296404e+03        6.130123e+06        6.833757e+09        2.274963e+01        
4.149799e-05        0.000000e+00        0.000000e+00        0.000000e+00        1.299288e+03        6.143821e+06        8.618472e+09        2.788526e+01        
4.459111e-05        0.000000e+00        0.000000e+00        0.000000e+00        1.300997e+03        6.151954e+06        9.630351e+09        3.074922e+01        
5.077734e-05        0.000000e+00        0.000000e+00        0.000000e+00        1.305041e+03        6.171252e+06        1.201604e+10        3.724749e+01        
6.128075e-05        0.000000e+00        0.000000e+00        0.000000e+00        1.314336e+03        6.215777e+06        1.751870e+10        5.153589e+01        
7.428305e-05        0.000000e+00        0.000000e+00        0.000000e+00        1.332122e+03        6.301429e+06        2.862006e+10        7.876732e+01        
8.338466e-05        0.000000e+00        0.000000e+00        0.000000e+00        1.351293e+03        6.394191e+06        4.199435e+10        1.099480e+02        
8.696030e-05        0.000000e+00        0.000000e+00        0.000000e+00        1.361167e+03        6.442091e+06        4.928924e+10        1.272078e+02        
8.923570e-05        0.000000e+00        0.000000e+00        0.000000e+00        1.368379e+03        6.477127e+06        5.534792e+10        1.404257e+02        
9.305900e-05        0.000000e+00        0.000000e+00        0.000000e+00        1.382556e+03        6.546101e+06        6.785036e+10        1.682032e+02        
9.774139e-05        0.000000e+00        0.000000e+00        0.000000e+00        1.404705e+03        6.654085e+06        9.041359e+10        2.171181e+02        
1.010191e-04        0.000000e+00        0.000000e+00        0.000000e+00        1.424850e+03        6.752507e+06        1.148149e+11        2.685498e+02        
1.016044e-04        0.000000e+00        0.000000e+00        0.000000e+00        1.429002e+03        6.772819e+06        1.205273e+11        2.800777e+02        
1.030091e-04        0.000000e+00        0.000000e+00        0.000000e+00        1.439841e+03        6.825867e+06        1.361147e+11        3.117765e+02        
1.053503e-04        0.000000e+00        0.000000e+00        0.000000e+00        1.461352e+03        6.931289e+06        1.717276e+11        3.820670e+02        
1.076915e-04        0.000000e+00        0.000000e+00        0.000000e+00        1.489165e+03        7.067848e+06        2.286102e+11        4.890128e+02        
1.086280e-04        0.000000e+00        0.000000e+00        0.000000e+00        1.502907e+03        7.135420e+06        2.620187e+11        5.489937e+02        
1.094837e-04        0.000000e+00        0.000000e+00        0.000000e+00        1.517312e+03        7.206316e+06        3.012490e+11        6.171225e+02        
1.109883e-04        0.000000e+00        0.000000e+00        0.000000e+00        1.548610e+03        7.360588e+06        4.031586e+11        7.834781e+02        
1.121919e-04        0.000000e+00        0.000000e+00        0.000000e+00        1.582084e+03        7.525913e+06        5.405575e+11        9.865280e+02        
1.124176e-04        0.000000e+00        0.000000e+00        0.000000e+00        1.589588e+03        7.563019e+06        5.756129e+11        1.034876e+03        
1.126433e-04        0.000000e+00        0.000000e+00        0.000000e+00        1.597586e+03        7.602584e+06        6.147986e+11        1.087248e+03        
1.131699e-04        0.000000e+00        0.000000e+00        0.000000e+00        1.618512e+03        7.706186e+06        7.258753e+11        1.226829e+03        
1.139222e-04        0.000000e+00        0.000000e+00        0.000000e+00        1.655608e+03        7.890126e+06        9.504976e+11        1.469881e+03        
1.144488e-04        0.000000e+00        0.000000e+00        0.000000e+00        1.688528e+03        8.053615e+06        1.169829e+12        1.653880e+03        
1.147121e-04        0.000000e+00        0.000000e+00        0.000000e+00        1.707725e+03        8.149043e+06        1.298306e+12        1.732524e+03        
1.150882e-04        0.000000e+00        0.000000e+00        0.000000e+00        1.738660e+03        8.302901e+06        1.487705e+12        1.787922e+03        
1.154644e-04        0.000000e+00        0.000000e+00        0.000000e+00        1.773335e+03        8.475337e+06        1.630071e+12        1.702306e+03        
1.155584e-04        0.000000e+00        0.000000e+00        0.000000e+00        1.782389e+03        8.520328e+06        1.646799e+12        1.647967e+03        
1.157465e-04        0.000000e+00        0.000000e+00        0.000000e+00        1.800586e+03        8.610634e+06        1.643568e+12        1.494135e+03        
1.160277e-04        0.000000e+00        0.000000e+00        0.000000e+00        1.826879e+03        8.740652e+06        1.531044e+12        1.165394e+03        
1.163090e-04        0.000000e+00        0.000000e+00        0.000000e+00        1.850225e+03        8.855116e+06        1.306310e+12        7.855432e+02        
1.165340e-04        0.000000e+00        0.000000e+00        0.000000e+00        1.865890e+03        8.930844e+06        1.099335e+12        5.105810e+02        
1.166746e-04        0.000000e+00        0.000000e+00        0.000000e+00        1.874309e+03        8.970913e+06        9.827097e+11        3.682368e+02        
1.167098e-04        0.000000e+00        0.000000e+00        0.000000e+00        1.876266e+03        8.980140e+06        9.566600e+11        3.366606e+02        
1.167942e-04        0.000000e+00        0.000000e+00        0.000000e+00        1.880751e+03        9.001132e+06        9.004920e+11        2.674545e+02        
1.169445e-04        0.000000e+00        0.000000e+00        0.000000e+00        1.888126e+03        9.035116e+06        8.260685e+11        1.667581e+02        
1.171338e-04        0.000000e+00        0.000000e+00        0.000000e+00        1.896706e+03        9.073681e+06        7.859023e+11        7.904556e+01        
1.173230e-04        0.000000e+00        0.000000e+00        0.000000e+00        1.905117e+03        9.110548e+06        8.046154e+11        2.995553e+01        
1.174744e-04        0.000000e+00        0.000000e+00        0.000000e+00        1.912104e+03        9.140694e+06        8.476859e+11        1.145903e+01        
1.175776e-04        0.000000e+00        0.000000e+00        0.000000e+00        1.917081e+03        9.162030e+06        8.811084e+11        5.414793e+00        
1.177149e-04        0.000000e+00        0.000000e+00        0.000000e+00        1.923981e+03        9.191505e+06        9.210020e+11        1.798362e+00        
1.178522e-04        0.000000e+00        0.000000e+00        0.000000e+00        1.931135e+03        9.221999e+06        9.496425e+11        5.331930e-01        
1.179894e-04        0.000000e+00        0.000000e+00        0.000000e+00        1.938452e+03        9.253136e+06        9.656040e+11        1.446992e-01        
1.181337e-04        0.000000e+00        0.000000e+00        0.000000e+00        1.946211e+03        9.286117e+06        9.696474e+11        3.517403e-02        
1.183135e-04        0.000000e+00        0.000000e+00        0.000000e+00        1.955846e+03        9.327015e+06        9.603297e+11        5.289311e-03        
1.185378e-04        0.000000e+00        0.000000e+00        0.000000e+00        1.967610e+03        9.376874e+06        9.319807e+11        9.364271e-04        
1.186921e-04        0.000000e+00        0.000000e+00        0.000000e+00        1.975446e+03        9.410040e+06        9.047341e+11        3.142192e-04        
1.188183e-04        0.000000e+00        0.000000e+00        0.000000e+00        1.981664e+03        9.436328e+06        8.789227e+11        1.906609e-04        
1.191549e-04        0.000000e+00        0.000000e+00        0.000000e+00        1.997268e+03        9.502198e+06        7.997627e+11        7.467728e-05        
1.197505e-04        0.000000e+00        0.000000e+00        0.000000e+00        2.020949e+03        9.601880e+06        6.447861e+11        1.901604e-05        
1.204845e-04        0.000000e+00        0.000000e+00        0.000000e+00        2.043223e+03        9.695329e+06        4.670495e+11        5.035361e-06        
1.212185e-04        0.000000e+00        0.000000e+00        0.000000e+00        2.059036e+03        9.761497e+06        3.276839e+11        2.232961e-06        
1.219526e-04        0.000000e+00        0.000000e+00        0.000000e+00        2.070047e+03        9.807486e+06        2.277931e+11        1.346239e-06        
1.229101e-04        0.000000e+00        0.000000e+00        0.000000e+00        2.079531e+03        9.847043e+06        1.425751e+11        8.027776e-07        
1.235063e-04        0.000000e+00        0.000000e+00        0.000000e+00        2.083557e+03        9.863822e+06        1.073329e+11        6.578772e-07        
1.235931e-04        0.000000e+00        0.000000e+00        0.000000e+00        2.084053e+03        9.865888e+06        1.030637e+11        6.366526e-07        
1.238535e-04        0.000000e+00        0.000000e+00        0.000000e+00        2.085428e+03        9.871615e+06        9.128375e+10        5.708876e-07        
1.243743e-04        0.000000e+00        0.000000e+00        0.000000e+00        2.087729e+03        9.881199e+06        7.186419e+10        4.596022e-07        
1.252994e-04        0.000000e+00        0.000000e+00        0.000000e+00        2.090689e+03        9.893521e+06        4.752697e+10        3.179456e-07        
1.264525e-04        0.000000e+00        0.000000e+00        0.000000e+00        2.093033e+03        9.903275e+06        2.886408e+10        2.058824e-07        
1.276056e-04        0.000000e+00        0.000000e+00        0.000000e+00        2.094465e+03        9.909235e+06        1.776651e+10        1.372960e-07        
1.287587e-04        0.000000e+00        0.000000e+00        0.000000e+00        2.095351e+03        9.912919e+06        1.103622e+10        9.508569e-08        
1.299581e-04        0.000000e+00        0.000000e+00        0.000000e+00        2.095920e+03        9.915287e+06        6.769152e+09        6.805613e-08        
1.313426e-04        0.000000e+00        0.000000e+00        0.000000e+00        2.096310e+03        9.916910e+06        3.872603e+09        4.955152e-08        
1.327272e-04        0.000000e+00        0.000000e+00        0.000000e+00        2.096533e+03        9.917841e+06        2.223866e+09        3.894780e-08        
1.341117e-04        0.000000e+00        0.000000e+00        0.000000e+00        2.096662e+03        9.918376e+06        1.281799e+09        3.272032e-08        
1.356702e-04        0.000000e+00        0.000000e+00        0.000000e+00        2.096743e+03        9.918714e+06        6.927630e+08        2.866756e-08        
1.373446e-04        0.000000e+00        0.000000e+00        0.000000e+00        2.096789e+03        9.918907e+06        3.602993e+08        2.614238e-08        
1.393105e-04        0.000000e+00        0.000000e+00        0.000000e+00        2.096816e+03        9.919020e+06        1.703603e+08        2.439240e-08        
1.416143e-04        0.000000e+00        0.000000e+00        0.000000e+00        2.096831e+03        9.919081e+06        7.435621e+07        2.308515e-08        
1.444493e-04        0.000000e+00        0.000000e+00        0.000000e+00        2.096838e+03        9.919114e+06        3.095388e+07        2.194318e-08        
1.481053e-04        0.000000e+00        0.000000e+00        0.000000e+00        2.096843e+03        9.919133e+06        1.469536e+07        2.073733e-08        
1.532107e-04        0.000000e+00        0.000000e+00        0.000000e+00        2.096846e+03        9.919148e+06        9.832098e+06        1.924085e-08        
1.613645e-04        0.000000e+00        0.000000e+00        0.000000e+00        2.096850e+03        9.919167e+06        8.202666e+06        1.709829e-08        
1.769086e-04        0.000000e+00        0.000000e+00        0.000000e+00        2.096856e+03        9.919198e+06        6.582427e+06        1.409333e-08        
2.118829e-04        0.000000e+00        0.000000e+00        0.000000e+00        2.096867e+03        9.919246e+06        3.943999e+06        7.616155e-09        
2.896035e-04        0.000000e+00        0.000000e+00        0.000000e+00        2.096877e+03        9.919295e+06        1.279758e+06        -6.392574e-10       
3.830368e-04        0.000000e+00        0.000000e+00        0.000000e+00        2.096881e+03        9.919313e+06        3.674984e+05        8.878699e-09        
5.101352e-04        0.000000e+00        0.000000e+00        0.000000e+00        2.096882e+03        9.919318e+06        7.831491e+04        4.590228e-08        
6.911177e-04        0.000000e+00        0.000000e+00        0.000000e+00        2.096882e+03        9.919319e+06        -6.567140e+04       0.000000e+00        
9.490540e-04        0.000000e+00        0.000000e+00        0.000000e+00        2.096882e+03        9.919319e+06        6.876115e+04        2.150219e-12        
1.591809e-03        0.000000e+00        0.000000e+00        0.000000e+00        2.096882e+03        9.919319e+06        9.711790e+03        0.000000e+00        
3.461642e-03        0.000000e+00        0.000000e+00        0.000000e+00        2.096882e+03        9.919319e+06        2.932505e+02        4.265448e-14        
1.000000e-02        0.000000e+00        0.000000e+00        0.000000e+00        2.096882e+03        9.919319e+06        9.267854e+00        2.641013e-15        
