***********************************************************************************************************
***********************************************************************************************************

                     ___                   ____  __  __  ___  _  _______                 
                    / _ \ _ __   ___ _ __ / ___||  \/  |/ _ \| |/ / ____| _     _        
                   | | | | '_ \ / _ \ '_ \\___ \| |\/| | | | | ' /|  _| _| |_ _| |_      
                   | |_| | |_) |  __/ | | |___) | |  | | |_| | . \| |__|_   _|_   _|     
                    \___/| .__/ \___|_| |_|____/|_|  |_|\___/|_|\_\_____||_|   |_|       
                         |_|                                                             


                      Department of Chemistry, Materials and Chemical Engineering        
                                         Politecnico di Milano                           
                                 http://creckmodeling.chem.polimi.it/                    

                                     Rate of Production Analysis
                                           Version: 0.15.0
                              Compilation date: May  3 2021 at 21:47:40

***********************************************************************************************************
***********************************************************************************************************

Frequency factors:      [kmol,m,s]
Activation energies:    [cal/mol]
Formation rates:        [kmol/m3/s]
Reaction rates:         [kmol/m3/s]
Compact mode:           1
Merge forward/backward: 0
Threshold:              1%

Reactor: Batch Reactor
Date:    2023-06-29
Time:    14:58:24

Number of species:   124
Number of reactions: 765

***********************************************************************************************************
Time[s]       T[K]          P[atm]        rho[kg/m3]    MW[kg/kmol]   Conversion[%] 
0.00e+00      1290.00       60.20         17.9210       31.51         0.000         
***********************************************************************************************************

Species                       Conc.[kmol/m3]  Mole fract.     Mass fract.     
-----------------------------------------------------------------------------------------------------------
O2                            5.51355e-01     9.69450e-01     9.84446e-01     
CH4                           1.73746e-02     3.05499e-02     1.55539e-02     


CH4                           Formation: 0.00e+00    Consumption: -7.76e-01   Net: -7.76e-01   
-----------------------------------------------------------------------------------------------------------
144    -7.76e-01    -100.0%  1.16e+02    2.23    -3022.00   HO2+CH3=O2+CH4

O2                            Formation: 0.00e+00    Consumption: -7.76e-01   Net: -7.76e-01   
-----------------------------------------------------------------------------------------------------------
144    -7.76e-01    -100.0%  1.16e+02    2.23    -3022.00   HO2+CH3=O2+CH4

HO2                           Formation: 7.76e-01    Consumption: -0.00e+00   Net: 7.76e-01    
-----------------------------------------------------------------------------------------------------------
144     7.76e-01     100.0%  1.16e+02    2.23    -3022.00   HO2+CH3=O2+CH4

***********************************************************************************************************
Time[s]       T[K]          P[atm]        rho[kg/m3]    MW[kg/kmol]   Conversion[%] 
1.15e-04      1738.66       81.94         17.9210       31.20         86.401        
***********************************************************************************************************

Species                       Conc.[kmol/m3]  Mole fract.     Mass fract.     
-----------------------------------------------------------------------------------------------------------
H                             1.66352e-06     2.89632e-06     9.35676e-08     
H2                            1.68119e-04     2.92709e-04     1.89123e-05     
O                             2.10594e-05     3.66661e-05     1.88008e-05     
O2                            5.29511e-01     9.21921e-01     9.45443e-01     
OH                            9.61400e-05     1.67387e-04     9.12367e-05     
OH*                           1.68806e-12     2.93904e-12     1.60196e-12     
H2O                           2.73313e-02     4.75860e-02     2.74746e-02     
HO2                           3.28662e-04     5.72226e-04     6.05312e-04     
H2O2                          3.38408e-05     5.89195e-05     6.42297e-05     
CO                            1.15783e-02     2.01588e-02     1.80966e-02     
CO2                           1.32351e-03     2.30433e-03     3.25016e-03     
CH2O                          6.47331e-04     1.12706e-03     1.08458e-03     
HCO                           5.05319e-07     8.79801e-07     8.18221e-07     
HO2CHO                        1.02770e-10     1.78931e-10     3.55683e-10     
HCOH                          4.22817e-10     7.36159e-10     7.08415e-10     
O2CHO                         2.80912e-06     4.89090e-06     9.56425e-06     
HOCHO                         8.12595e-05     1.41479e-04     2.08692e-04     
OCHO                          2.40455e-12     4.18652e-12     6.04016e-12     
HOCH2O2H                      2.10268e-14     3.66093e-14     7.51383e-14     
HOCH2O2                       1.23034e-09     2.14211e-09     4.32735e-09     
OCH2O2H                       1.32383e-11     2.30490e-11     4.65620e-11     
HOCH2O                        5.68084e-11     9.89081e-11     1.49092e-10     
CH3OH                         2.45740e-04     4.27854e-04     4.39373e-04     
CH2OH                         2.35990e-08     4.10878e-08     4.08666e-08     
CH3O                          6.41338e-08     1.11662e-07     1.11061e-07     
CH3O2H                        5.89148e-10     1.02575e-09     1.57933e-09     
CH3O2                         7.58680e-06     1.32092e-05     1.99113e-05     
CH4                           2.36281e-03     4.11385e-03     2.11520e-03     
CH3                           1.10404e-04     1.92223e-04     9.26246e-05     
CH2                           2.59284e-09     4.51435e-09     2.02945e-09     
CH2(S)                        1.85859e-09     3.23595e-09     1.45474e-09     
C                             3.06862e-16     5.34272e-16     2.05665e-16     
CH                            5.09733e-12     8.87487e-12     3.70304e-12     
CH*                           1.02919e-14     1.79191e-14     7.47675e-15     
C2H6                          6.08574e-05     1.05958e-04     1.02114e-04     
C2H5                          7.56712e-07     1.31750e-06     1.22714e-06     
C2H4                          2.10831e-04     3.67074e-04     3.30041e-04     
C2H3                          1.75055e-07     3.04786e-07     2.64190e-07     
C2H2                          1.90739e-05     3.32092e-05     2.77131e-05     
C2H                           1.94765e-11     3.39101e-11     2.72025e-11     
CH3CHO                        1.05088e-05     1.82967e-05     2.58325e-05     
C2H3OH                        2.05292e-05     3.57431e-05     5.04645e-05     
C2H2OH                        3.88724e-10     6.76800e-10     9.33688e-10     
CH3CO                         1.51264e-09     2.63363e-09     3.63325e-09     
CH2CHO                        4.83906e-07     8.42519e-07     1.16231e-06     
O2CH2CHO                      1.39942e-09     2.43651e-09     5.85999e-09     
HO2CH2CO                      2.65110e-11     4.61578e-11     1.11013e-10     
CH2CO                         1.72562e-04     3.00445e-04     4.04777e-04     
HCCO                          1.60223e-07     2.78961e-07     3.66820e-07     
HCCOH                         2.85911e-07     4.97794e-07     6.70656e-07     
CH3CO3H                       6.88061e-15     1.19797e-14     2.91991e-14     
CH3CO3                        4.48113e-10     7.80202e-10     1.87644e-09     
CH3CO2                        1.25996e-13     2.19369e-13     4.15116e-13     
C2H5OH                        1.91512e-07     3.33439e-07     4.92315e-07     
C2H5O                         4.85041e-11     8.44496e-11     1.21960e-10     
PC2H4OH                       2.12259e-09     3.69560e-09     5.33708e-09     
SC2H4OH                       4.99220e-10     8.69183e-10     1.25525e-09     
O2C2H4OH                      3.76918e-10     6.56245e-10     1.62072e-09     
C2H5O2H                       3.02967e-12     5.27490e-12     1.04930e-11     
C2H5O2                        9.69995e-08     1.68884e-07     3.30494e-07     
C2H4O2H                       1.03121e-10     1.79542e-10     3.51352e-10     
C2H4O1-2                      5.18885e-07     9.03421e-07     1.27551e-06     
C2H3O1-2                      2.33429e-13     4.06418e-13     5.60680e-13     
CH3COCH3                      2.84416e-09     4.95191e-09     9.21761e-09     
CH3COCH2                      2.75387e-09     4.79472e-09     8.77011e-09     
CH3COCH2O2                    2.87647e-10     5.00816e-10     1.42965e-09     
C2H3CHO                       4.14385e-06     7.21478e-06     1.29636e-05     
C2H3CO                        1.15106e-09     2.00409e-09     3.53623e-09     
C2H5CHO                       5.23808e-10     9.11993e-10     1.69761e-09     
C2H5CO                        2.41438e-12     4.20362e-12     7.68892e-12     
CH3OCH3                       1.43100e-08     2.49149e-08     3.67863e-08     
CH3OCH2                       1.89101e-11     3.29241e-11     4.75481e-11     
CH3OCH2O2                     6.13081e-12     1.06742e-11     2.63620e-11     
CH2OCH2O2H                    1.92340e-14     3.34880e-14     8.27049e-14     
CH3OCH2O                      4.92876e-16     8.58137e-16     1.67931e-15     
O2CH2OCH2O2H                  4.41500e-15     7.68688e-15     2.68672e-14     
OCH2OCHO                      1.24140e-16     2.16138e-16     5.19828e-16     
HOCH2OCO                      1.02555e-15     1.78557e-15     4.29443e-15     
CH3OCHO                       7.34649e-10     1.27908e-09     2.46176e-09     
CH3OCO                        3.16977e-13     5.51882e-13     1.04434e-12     
CH2OCHO                       9.38199e-13     1.63348e-12     3.09107e-12     
C3H8                          4.38532e-07     7.63519e-07     1.07906e-06     
IC3H7                         5.17905e-10     9.01714e-10     1.24524e-09     
NC3H7                         9.50005e-10     1.65404e-09     2.28418e-09     
C3H6                          7.92910e-07     1.38052e-06     1.86186e-06     
C3H5-A                        2.86500e-07     4.98820e-07     6.56627e-07     
C3H5-S                        1.54723e-09     2.69386e-09     3.54609e-09     
C3H5-T                        1.15331e-10     2.00800e-10     2.64326e-10     
C3H4-P                        3.49597e-07     6.08676e-07     7.81574e-07     
C3H4-A                        2.42632e-07     4.22442e-07     5.42439e-07     
C3H3                          6.84036e-08     1.19096e-07     1.49079e-07     
C3H5O                         3.76579e-11     6.55654e-11     1.19927e-10     
C3H6OOH1-2                    2.66097e-13     4.63296e-13     1.11492e-12     
C3H6OOH1-3                    4.20109e-14     7.31444e-14     1.76021e-13     
C3H6OOH2-1                    3.15894e-12     5.49997e-12     1.32356e-11     
C3H6OOH1-2O2                  1.09413e-14     1.90498e-14     6.53788e-14     
C3H6OOH1-3O2                  1.67421e-15     2.91494e-15     1.00041e-14     
C3H6OOH2-1O2                  1.46894e-13     2.55755e-13     8.77750e-13     
IC3H7O2H                      1.69888e-14     2.95788e-14     7.21367e-14     
NC3H7O2                       1.70893e-12     2.97539e-12     7.16024e-12     
IC3H7O2                       5.06579e-11     8.81995e-11     2.12251e-10     
NC3H7O                        1.23085e-14     2.14301e-14     4.05828e-14     
IC3H7O                        1.23811e-14     2.15564e-14     4.08220e-14     
C3H6O1-2                      4.99808e-10     8.70207e-10     1.61982e-09     
C3H6O1-3                      2.69887e-12     4.69895e-12     8.74675e-12     
C3H51-2A3OOH                  3.18641e-15     5.54780e-15     1.90400e-14     
C3H52-1A3OOH                  5.52601e-17     9.62123e-17     3.30201e-16     
C3H6OH                        2.99808e-11     5.21990e-11     9.88507e-11     
HOC3H6O2                      2.46728e-12     4.29573e-12     1.25403e-11     
CH3CHCO                       3.78905e-07     6.59705e-07     1.18537e-06     
AC3H5OOH                      1.64111e-14     2.85731e-14     6.78377e-14     
C2H3OOH                       7.62165e-14     1.32699e-13     2.55396e-13     
CC3H4                         3.30847e-10     5.76032e-10     7.39657e-10     
H2CC                          5.98449e-11     1.04195e-10     8.69506e-11     


CH4                           Formation: 2.26e+02    Consumption: -2.14e+03   Net: -1.92e+03   
-----------------------------------------------------------------------------------------------------------
144     1.70e+02      47.6%  1.16e+02    2.23    -3022.00   HO2+CH3=O2+CH4
128     7.95e+01      22.3%  5.83e+01    2.60     2190.00   OH+CH4=H2O+CH3
74      6.06e+01      17.0%  3.83e-02    3.36     4312.00   CH2O+CH3=HCO+CH4
85      1.15e+01       3.2%  3.90e-10    5.80     2200.00   HOCHO+CH3=>OH+CO+CH4
316     9.60e+00       2.7%  6.62e-03    3.70     9500.00   CH3+C2H4=CH4+C2H3
126     6.97e+00       2.0%  2.48e+27   -4.76     2440.00   H+CH3(+M)=CH4(+M)
127     4.37e+00       1.2%  6.14e+02    2.50     9587.00   H+CH4=H2+CH3
130    -3.95e+01      -1.7%  1.69e-02    3.74    21010.00   HO2+CH4=H2O2+CH3
144    -4.06e+01      -1.8%  1.16e+02    2.23    -3022.00   HO2+CH3=O2+CH4
129    -3.05e+02     -13.4%  1.02e+06    1.50     8600.00   O+CH4=OH+CH3
128    -1.87e+03     -82.2%  5.83e+01    2.60     2190.00   OH+CH4=H2O+CH3

OH                            Formation: 6.12e+03    Consumption: -6.05e+03   Net: 6.39e+01    
-----------------------------------------------------------------------------------------------------------
18      1.98e+03      31.3%  2.49e+21   -2.30    48749.00   H2O2(+M)=2OH(+M)
0       1.10e+03      17.4%  1.04e+11    0.00    15286.00   H+O2=O+OH
17      7.31e+02      11.6%  1.86e+22   -2.30    48749.00   H2O2(+H2O)=2OH(+H2O)
147     6.42e+02      10.2%  2.64e-03    3.28     8105.00   O2+CH3=OH+CH2O
143     3.29e+02       5.2%  1.00e+09    0.27     -687.50   HO2+CH3=OH+CH3O
129     3.05e+02       4.8%  1.02e+06    1.50     8600.00   O+CH4=OH+CH3
3       2.48e+02       3.9%  2.97e+03    2.02    13400.00   O+H2O=2OH
73      2.36e+02       3.7%  6.26e+06    1.15     2260.00   O+CH2O=OH+HCO
13      2.25e+02       3.6%  3.25e+10    0.00        0.00   O+HO2=O2+OH
118     1.04e+02       1.6%  3.88e+02    2.50     3080.00   O+CH3OH=OH+CH2OH
128     7.95e+01       1.3%  5.83e+01    2.60     2190.00   OH+CH4=H2O+CH3
11      7.11e+01       1.1%  7.08e+10    0.00      295.00   H+HO2=2OH
81     -7.43e+01      -1.2%  2.62e+03    2.06      916.00   OH+HOCHO=>H+H2O+CO2
76     -7.64e+01      -1.2%  4.50e+12   -1.10        0.00   OH+CH2O=HOCH2O
134    -8.59e+01      -1.4%  1.52e+10    0.13     5641.00   OH+CH3=H+CH2OH
284    -9.30e+01      -1.5%  1.00e+10    0.00     2000.00   OH+CH2CO=H2O+HCCO
2      -9.36e+01      -1.5%  4.38e+10    0.00     6990.00   H2+OH=H+H2O
192    -9.43e+01      -1.5%  1.48e+04    1.90      950.00   OH+C2H6=H2O+C2H5
301    -1.87e+02      -3.0%  2.23e+01    2.75     2215.50   OH+C2H4=H2O+C2H3
119    -3.55e+02      -5.7%  3.08e+01    2.65     -806.70   OH+CH3OH=H2O+CH2OH
26     -3.89e+02      -6.2%  7.01e+01    2.05     -355.70   OH+CO=H+CO2
113    -3.91e+02      -6.3%  1.50e+40   -7.00    97992.20   CH3OH(+M)=OH+CH3(+M)
14     -8.96e+02     -14.3%  2.46e+10    0.00     -497.00   OH+HO2=O2+H2O
71     -1.26e+03     -20.2%  7.82e+04    1.63    -1055.00   OH+CH2O=H2O+HCO
128    -1.87e+03     -29.9%  5.83e+01    2.60     2190.00   OH+CH4=H2O+CH3

O2                            Formation: 2.53e+03    Consumption: -6.50e+03   Net: -3.97e+03   
-----------------------------------------------------------------------------------------------------------
148     2.41e+04      88.3%  6.85e+18   -3.00        0.00   O2+CH3(+M)=CH3O2(+M)
16      1.23e+03       4.5%  3.66e+11    0.00    12000.00   2HO2=O2+H2O2
14      8.96e+02       3.3%  2.46e+10    0.00     -497.00   OH+HO2=O2+H2O
8       4.04e+02       1.5%  1.74e+13   -1.23        0.00   H+O2(+M)=HO2(+M)
91     -4.43e+02      -1.4%  4.38e-22    9.50    -5501.00   O2+CH3O=HO2+CH2O
38     -5.33e+02      -1.7%  8.07e+12    0.00    53420.00   O2+CH2O=HO2+HCO
147    -6.42e+02      -2.1%  2.64e-03    3.28     8105.00   O2+CH3=OH+CH2O
99     -7.05e+02      -2.3%  2.41e+11    0.00     5017.00   O2+CH2OH=HO2+CH2O
0      -1.10e+03      -3.5%  1.04e+11    0.00    15286.00   H+O2=O+OH
8      -1.18e+03      -3.8%  1.74e+13   -1.23        0.00   H+O2(+M)=HO2(+M)
30     -1.80e+03      -5.8%  7.58e+09    0.00      410.00   O2+HCO=HO2+CO
148    -2.42e+04     -77.3%  6.85e+18   -3.00        0.00   O2+CH3(+M)=CH3O2(+M)

H2O2                          Formation: 1.35e+03    Consumption: -1.37e+03   Net: -1.67e+01   
-----------------------------------------------------------------------------------------------------------
16      1.23e+03      87.2%  3.66e+11    0.00    12000.00   2HO2=O2+H2O2
75      7.99e+01       5.7%  1.88e+01    2.70    11520.00   HO2+CH2O=H2O2+HCO
130     3.95e+01       2.8%  1.69e-02    3.74    21010.00   HO2+CH4=H2O2+CH3
15      2.25e+01       1.6%  1.30e+08    0.00    -1630.00   2HO2=O2+H2O2
23      1.66e+01       1.2%  7.59e+10    0.00     7269.00   OH+H2O2=H2O+HO2
16     -2.26e+01      -1.6%  3.66e+11    0.00    12000.00   2HO2=O2+H2O2
23     -3.01e+01      -2.1%  7.59e+10    0.00     7269.00   OH+H2O2=H2O+HO2
17     -3.66e+02     -25.7%  1.86e+22   -2.30    48749.00   H2O2(+H2O)=2OH(+H2O)
18     -9.88e+02     -69.5%  2.49e+21   -2.30    48749.00   H2O2(+M)=2OH(+M)

HO2                           Formation: 4.25e+03    Consumption: -4.24e+03   Net: 1.84e+00    
-----------------------------------------------------------------------------------------------------------
30      1.80e+03      36.9%  7.58e+09    0.00      410.00   O2+HCO=HO2+CO
8       1.18e+03      24.2%  1.74e+13   -1.23        0.00   H+O2(+M)=HO2(+M)
99      7.05e+02      14.4%  2.41e+11    0.00     5017.00   O2+CH2OH=HO2+CH2O
38      5.33e+02      10.9%  8.07e+12    0.00    53420.00   O2+CH2O=HO2+HCO
91      4.43e+02       9.1%  4.38e-22    9.50    -5501.00   O2+CH3O=HO2+CH2O
75     -7.99e+01      -1.6%  1.88e+01    2.70    11520.00   HO2+CH2O=H2O2+HCO
99     -1.05e+02      -2.2%  2.41e+11    0.00     5017.00   O2+CH2OH=HO2+CH2O
144    -1.70e+02      -3.5%  1.16e+02    2.23    -3022.00   HO2+CH3=O2+CH4
13     -2.25e+02      -4.6%  3.25e+10    0.00        0.00   O+HO2=O2+OH
143    -3.29e+02      -6.8%  1.00e+09    0.27     -687.50   HO2+CH3=OH+CH3O
8      -4.04e+02      -8.3%  1.74e+13   -1.23        0.00   H+O2(+M)=HO2(+M)
14     -8.96e+02     -18.4%  2.46e+10    0.00     -497.00   OH+HO2=O2+H2O
16     -2.45e+03     -50.2%  3.66e+11    0.00    12000.00   2HO2=O2+H2O2

